* Uses proxy env variable no_proxy == '127.0.0.1,localhost,::1'
* Host localhost:3000 was resolved.
* IPv6: ::1
* IPv4: 127.0.0.1
  % Total    % Received % Xferd  Average Speed   Time    Time     Time  Current
                                 Dload  Upload   Total   Spent    Left  Speed
  0     0    0     0    0     0      0      0 --:--:-- --:--:-- --:--:--     0*   Trying [::1]:3000...
* Connected to localhost (::1) port 3000
> GET /health HTTP/1.1
> Host: localhost:3000
> User-Agent: curl/8.7.1
> Accept: */*
> 
* Request completely sent off
< HTTP/1.1 401 Unauthorized
< X-Powered-By: Express
< Access-Control-Allow-Origin: *
< x-clerk-auth-reason: dev-browser-missing
< x-clerk-auth-status: signed-out
< Content-Type: application/json; charset=utf-8
< Content-Length: 28
< ETag: W/"1c-y8AWeYzUlznJJ+tI7bYuRSqos4g"
< Date: Mon, 25 May 2026 01:26:54 GMT
< Connection: keep-alive
< Keep-Alive: timeout=5
< 
{ [28 bytes data]
100    28  100    28    0     0   2203      0 --:--:-- --:--:-- --:--:--  2333
* Connection #0 to host localhost left intact
{"error":"No authenticated"}